<?xml version="1.0" encoding="UTF-8"?>
<testsuite xmlns:xsi="http://www.w3.org/2001/XMLSchema-instance" xsi:noNamespaceSchemaLocation="https://maven.apache.org/surefire/maven-surefire-plugin/xsd/surefire-test-report.xsd" name="necto.sonarlint.mockplugin.MockSensorTest" time="0.029" tests="5" errors="0" skipped="0" failures="0">
  <properties>
[...]
</properties>
  <testcase name="shouldNotStartAnalysisWhenNoFileToAnalyze" classname="necto.sonarlint.mockplugin.MockSensorTest" time="0"/>
  <testcase name="stopOnCancellation" classname="necto.sonarlint.mockplugin.MockSensorTest" time="0.015"/>
  <testcase name="describe" classname="necto.sonarlint.mockplugin.MockSensorTest" time="0.002"/>
  <testcase name="shouldNotRaiseAnIssueOrErrorWhenTheInputFileDoesNotExist" classname="necto.sonarlint.mockplugin.MockSensorTest" time="0.008"/>
  <testcase name="validCheckOnValidFileShouldRaiseIssue" classname="necto.sonarlint.mockplugin.MockSensorTest" time="0.003"/>
</testsuite>